2017/02/01 23:50:18 [INFO] Create Battle_Phoenix's grave at -252x64x-144
2017/02/01 23:51:43 [INFO] Create xjesters's grave at -250x64x-95
2017/02/01 23:53:43 [INFO] Create xceedlex's grave at -1106x70x-72
2017/02/01 23:53:49 [INFO] Create xceedlex's grave at -255x63x-87
2017/02/02 00:02:11 [INFO] Create xjesters's grave at -223x58x-120
2017/02/02 00:03:31 [INFO] Create xjesters's grave at -225x58x-120
2017/02/02 00:05:00 [INFO] Create xjesters's grave at -256x64x-97
2017/02/02 00:05:36 [INFO] Create Battle_Phoenix's grave at -228x64x-107
2017/02/02 00:08:31 [INFO] Create Battle_Phoenix's grave at -277x65x-97
2017/02/02 00:09:59 [INFO] Create Battle_Phoenix's grave at -227x64x-107
2017/02/02 00:11:57 [INFO] Create Battle_Phoenix's grave at -273x64x-99
2017/02/02 00:22:05 [INFO] Create Battle_Phoenix's grave at -320x72x-174
2017/02/02 00:22:49 [INFO] Create Battle_Phoenix's grave at -322x70x-179
2017/02/02 00:23:34 [INFO] Create Battle_Phoenix's grave at -319x72x-174
2017/02/02 00:24:20 [INFO] Create Battle_Phoenix's grave at -318x72x-174
2017/02/02 00:25:04 [INFO] Create Battle_Phoenix's grave at -319x72x-174
2017/02/02 00:47:16 [INFO] Create Battle_Phoenix's grave at -251x64x-94
2017/02/02 00:50:38 [INFO] Create xceedlex's grave at -298x56x-92
2017/02/02 01:08:17 [INFO] Create Battle_Phoenix's grave at -296x62x-90
2017/02/02 01:11:10 [INFO] Create xceedlex's grave at -304x52x-88
2017/02/02 01:29:04 [INFO] Create xjesters's grave at -304x54x-101
2017/02/02 01:32:47 [INFO] Create Villager's grave at -158x68x-243
2017/02/02 01:49:10 [INFO] Create Battle_Phoenix's grave at -302x59x-99
2017/02/02 01:53:32 [INFO] Create Villager's grave at -803x85x-1261
2017/02/02 01:55:57 [INFO] Create Battle_Phoenix's grave at -302x54x-98
2017/02/02 01:59:01 [INFO] Create Villager's grave at -783x64x-1289
2017/02/02 01:59:02 [INFO] Create Villager's grave at -783x64x-1288
2017/02/02 01:59:02 [INFO] Create Villager's grave at -783x64x-1287
2017/02/02 02:05:13 [INFO] Create Battle_Phoenix's grave at -301x54x-98
2017/02/02 02:24:46 [INFO] Create Villager's grave at -222x66x-1258
2017/02/02 03:01:10 [INFO] Create xceedlex's grave at -1117x68x-677
2017/02/02 03:22:50 [INFO] Create xceedlex's grave at -1100x62x-717
2017/02/02 03:59:41 [INFO] Create xceedlex's grave at -255x69x-89
2017/02/02 04:00:41 [INFO] Create xjesters's grave at -344x5x-92
2017/02/02 04:02:29 [INFO] Create xceedlex's grave at -255x69x-89
2017/02/02 04:09:08 [INFO] Create xceedlex's grave at -1121x46x-660
2017/02/02 05:02:18 [INFO] Create xceedlex's grave at -1128x20x-631
2017/02/02 05:08:19 [INFO] Create xceedlex's grave at -1150x62x-759
2017/02/02 05:29:19 [INFO] Create xceedlex's grave at -259x64x-81
2017/02/02 08:35:44 [INFO] Create Villager's grave at -131x69x-231
2017/02/02 10:42:35 [INFO] Create Battle_Phoenix's grave at -252x63x-91
2017/02/02 10:43:31 [INFO] Create xceedlex's grave at -1176x65x-711
2017/02/02 10:53:33 [INFO] Create Battle_Phoenix's grave at -1156x67x-535
2017/02/02 11:00:18 [INFO] Create Battle_Phoenix's grave at -978x80x-465
2017/02/02 11:29:54 [INFO] Create xceedlex's grave at -1145x65x-726
2017/02/02 12:03:50 [INFO] Create Battle_Phoenix's grave at -293x66x-149
2017/02/02 12:27:09 [INFO] Create xceedlex's grave at -1137x60x-699
2017/02/02 18:14:37 [INFO] Create BrandonVII's grave at -295x63x-353
2017/02/02 18:17:51 [INFO] Create BrandonVII's grave at -252x63x-89
2017/02/02 18:29:41 [INFO] Create BrandonVII's grave at -205x62x83
2017/02/02 19:19:12 [INFO] Create Zhalet's grave at -214x69x-25
2017/02/02 19:58:35 [INFO] Create Villager's grave at 56x66x43
2017/02/02 19:59:22 [INFO] Create Villager's grave at 51x46x45
2017/02/02 20:00:31 [INFO] Create Villager's grave at 68x75x92
2017/02/02 20:06:57 [INFO] Create Villager's grave at 72x73x83
2017/02/02 20:07:20 [INFO] Create Villager's grave at 77x72x79
2017/02/02 20:15:50 [INFO] Create Zhalet's grave at -202x58x4
2017/02/02 20:17:04 [INFO] Create Zhalet's grave at -202x60x25
2017/02/02 20:23:18 [INFO] Create Zhalet's grave at -137x72x8
2017/02/02 20:24:24 [INFO] Create Zhalet's grave at -133x71x13
2017/02/02 20:39:42 [INFO] Create Battle_Phoenix's grave at 128x33x28
2017/02/02 21:21:04 [INFO] Create Zhalet's grave at -206x59x15
2017/02/02 21:21:35 [INFO] Create Zhalet's grave at -204x59x21
2017/02/02 21:23:23 [INFO] Create Zhalet's grave at -199x57x0
2017/02/02 21:31:04 [INFO] Create Zhalet's grave at -200x56x-1
2017/02/02 21:31:34 [INFO] Create Zhalet's grave at -201x58x4
2017/02/02 21:32:10 [INFO] Create Zhalet's grave at -206x60x5
2017/02/02 21:42:48 [INFO] Create xceedlex's grave at -49x53x22
2017/02/02 21:55:15 [INFO] Create Pensrule1's grave at -304x72x-159
2017/02/02 21:56:06 [INFO] Create Zhalet's grave at -235x64x1
2017/02/02 21:56:34 [INFO] Create Zhalet's grave at -218x68x-31
2017/02/02 21:56:54 [INFO] Create Zhalet's grave at -224x65x5
2017/02/02 21:57:12 [INFO] Create Zhalet's grave at -208x61x4
2017/02/02 21:57:28 [INFO] Create Zhalet's grave at -229x64x-15
2017/02/02 21:57:51 [INFO] Create xceedlex's grave at -231x64x-7
2017/02/02 21:57:53 [INFO] Create Zhalet's grave at -240x64x8
2017/02/02 21:58:08 [INFO] Create Zhalet's grave at -228x64x-28
2017/02/02 21:58:28 [INFO] Create Zhalet's grave at -224x64x-4
2017/02/02 21:58:47 [INFO] Create Zhalet's grave at -232x64x-6
2017/02/02 21:59:56 [INFO] Create Zhalet's grave at -219x68x-19
2017/02/02 22:19:21 [INFO] Create jrod454's grave at -1219x71x-32
2017/02/02 22:19:59 [INFO] Create jrod454's grave at -1272x71x-33
2017/02/02 22:22:19 [INFO] Create xceedlex's grave at -260x64x-84
2017/02/03 17:36:16 [INFO] Create BrandonVII's grave at -233x64x-60
2017/02/03 17:40:23 [INFO] Create BrandonVII's grave at -306x51x-87
2017/02/03 17:49:12 [INFO] Create xceedlex's grave at -1094x16x-626
2017/02/03 17:51:47 [INFO] Create BrandonVII's grave at -228x64x-99
2017/02/03 17:54:43 [INFO] Create BrandonVII's grave at -238x64x-91
2017/02/03 17:55:02 [INFO] Create BrandonVII's grave at -237x64x-90
2017/02/03 17:55:28 [INFO] Create BrandonVII's grave at -235x63x-92
2017/02/03 17:56:44 [INFO] Create BrandonVII's grave at -232x59x-99
2017/02/03 18:08:02 [INFO] Create Villager's grave at 84x63x57
2017/02/03 18:19:34 [INFO] Create 0ges's grave at -334x54x-959
2017/02/03 18:20:12 [INFO] Create xceedlex's grave at -1133x63x-481
2017/02/03 18:23:55 [INFO] Create xceedlex's grave at -1133x68x-497
2017/02/03 18:27:51 [INFO] Create jrod454's grave at -1246x71x-32
2017/02/03 18:37:56 [INFO] Create 0ges's grave at 156x66x1340
