2017/02/04 18:04:17 [INFO] Create BrandonVII's grave at -235x63x0
2017/02/04 18:29:54 [INFO] Create BrandonVII's grave at -236x62x-134
2017/02/04 18:36:05 [INFO] Create BrandonVII's grave at -251x64x-131
2017/02/04 19:21:46 [INFO] Create Zhalet's grave at -228x11x-5
2017/02/04 19:25:41 [INFO] Create Zhalet's grave at -228x11x-6
2017/02/04 19:32:33 [INFO] Create Zhalet's grave at -228x11x-5
2017/02/04 19:38:16 [INFO] Create Villager's grave at 69x64x44
2017/02/04 19:39:15 [INFO] Create Villager's grave at 84x54x52
2017/02/04 19:39:31 [INFO] Create Villager's grave at 73x67x56
2017/02/04 20:01:25 [INFO] Create BrandonVII's grave at -216x69x-22
2017/02/04 20:01:38 [INFO] Create BrandonVII's grave at -212x69x-21
2017/02/04 20:01:46 [INFO] Create BrandonVII's grave at -216x69x-23
2017/02/04 20:11:30 [INFO] Create BrandonVII's grave at -385x65x179
2017/02/04 20:23:55 [INFO] Create Zhalet's grave at -1346x68x-346
2017/02/04 20:32:14 [INFO] Create Zhalet's grave at -1337x72x-333
2017/02/04 20:33:13 [INFO] Create Zhalet's grave at -1337x72x-332
2017/02/04 20:33:46 [INFO] Create Zhalet's grave at -1339x68x-326
2017/02/04 20:34:11 [INFO] Create Zhalet's grave at -1342x69x-337
2017/02/04 20:34:18 [INFO] Create Zhalet's grave at -1343x69x-337
2017/02/04 20:34:27 [INFO] Create Zhalet's grave at -1342x69x-336
2017/02/04 20:38:26 [INFO] Create Zhalet's grave at -1347x68x-345
2017/02/04 20:39:24 [INFO] Create Zhalet's grave at -1346x68x-344
2017/02/04 20:39:44 [INFO] Create Zhalet's grave at -1346x68x-346
2017/02/04 21:15:18 [INFO] Create xjesters's grave at -44x54x8
2017/02/04 23:46:03 [INFO] Create Zhalet's grave at -218x68x-29
2017/02/04 23:46:36 [INFO] Create Zhalet's grave at -218x68x-30
2017/02/04 23:46:59 [INFO] Create Zhalet's grave at -210x67x-33
2017/02/04 23:47:10 [INFO] Create Zhalet's grave at -217x68x-31
2017/02/05 00:39:52 [INFO] Create Zhalet's grave at -215x68x-31
2017/02/05 11:55:19 [INFO] Create BrandonVII's grave at -218x68x-20
2017/02/05 12:31:23 [INFO] Create Zhalet's grave at -229x64x-14
2017/02/05 15:08:22 [INFO] Create xceedlex's grave at -1141x65x-707
2017/02/05 15:16:48 [INFO] Create xceedlex's grave at -1143x65x-739
2017/02/05 17:30:08 [INFO] Create jrod454's grave at -1275x70x-54
2017/02/05 17:30:33 [INFO] Create jrod454's grave at -1276x70x-52
2017/02/06 14:27:09 [INFO] Create Zhalet's grave at -246x64x4
2017/02/06 14:29:19 [INFO] Create BrandonVII's grave at -226x64x-31
2017/02/06 14:29:20 [INFO] Create Zhalet's grave at -229x64x-44
2017/02/06 14:53:53 [INFO] Create Zhalet's grave at -189x60x124
2017/02/06 14:56:09 [INFO] Create Villager's grave at -255x71x274
2017/02/06 15:08:53 [INFO] Create Zhalet's grave at -241x63x-22
2017/02/06 20:18:41 [INFO] Create Villager's grave at 57x73x62
2017/02/06 20:35:18 [INFO] Create xceedlex's grave at -1126x65x-721
2017/02/07 00:24:48 [INFO] Create Battle_Phoenix's grave at 108x20x37
2017/02/07 01:04:40 [INFO] Create Zhalet's grave at 94x90x-474
2017/02/07 01:27:36 [INFO] Create Zhalet's grave at -210x69x-26
2017/02/07 03:51:13 [INFO] Create Villager's grave at 60x75x86
2017/02/07 04:25:36 [INFO] Create xjesters's grave at 18x77x-42
2017/02/07 04:52:42 [INFO] Create Villager's grave at 57x67x48
2017/02/07 06:00:29 [INFO] Create Villager's grave at 53x70x79
2017/02/07 07:06:40 [INFO] Create Battle_Phoenix's grave at 57x80x-440
2017/02/07 12:28:52 [INFO] Create Zhalet's grave at -215x70x-19
2017/02/07 12:29:01 [INFO] Create Zhalet's grave at -215x69x-22
2017/02/07 15:59:43 [INFO] Villager was killed by BrandonVII
2017/02/07 15:59:43 [INFO] Create Villager's grave at -250x72x290
2017/02/07 16:42:23 [INFO] Create Villager's grave at 48x70x97
2017/02/07 21:02:35 [INFO] Create Zhalet's grave at -272x63x-8
2017/02/07 22:21:47 [INFO] Create xceedlex's grave at -1152x66x-773
2017/02/07 22:44:27 [INFO] Create xceedlex's grave at -1154x65x-724
2017/02/08 16:13:38 [INFO] Create Villager's grave at 47x70x97
2017/02/08 16:13:52 [INFO] Create Villager's grave at 53x70x93
2017/02/08 16:14:12 [INFO] Create Villager's grave at 53x70x94
2017/02/08 16:14:13 [INFO] Create Villager's grave at 53x70x97
2017/02/08 16:14:34 [INFO] Create Villager's grave at 53x70x96
2017/02/08 16:14:56 [INFO] Create Villager's grave at 52x70x94
2017/02/08 16:45:52 [INFO] Create Villager's grave at 48x69x92
2017/02/08 18:35:08 [INFO] Create BrandonVII's grave at -315x48x-88
2017/02/08 19:09:42 [INFO] Create BrandonVII's grave at -229x64x-26
2017/02/08 19:35:48 [INFO] Create BrandonVII's grave at -358x61x-8
2017/02/08 20:20:17 [INFO] Create xjesters's grave at 122x50x2
